<?xml version="1.0" encoding="UTF-8"?>
<testsuite name="org.example.PasswordValidatorTest" tests="2" skipped="0" failures="0" errors="0" timestamp="2022-09-13T10:21:40" hostname="DESKTOP-R63QTR2" time="0.092">
  <properties/>
  <testcase name="[1] aabbcce" classname="org.example.PasswordValidatorTest" time="0.085"/>
  <testcase name="[2] aabbccddeeffg" classname="org.example.PasswordValidatorTest" time="0.001"/>
  <system-out><![CDATA[]]></system-out>
  <system-err><![CDATA[]]></system-err>
</testsuite>
